NOTE: Picked up JDK_JAVA_OPTIONS:  --add-opens=java.base/java.lang=ALL-UNNAMED --add-opens=java.base/java.io=ALL-UNNAMED --add-opens=java.base/java.util=ALL-UNNAMED --add-opens=java.base/java.util.concurrent=ALL-UNNAMED --add-opens=java.rmi/sun.rmi.transport=ALL-UNNAMED
28-Jul-2024 17:32:53.068 INFO [main] org.apache.catalina.startup.VersionLoggerListener.log Server version name:   Apache Tomcat/9.0.91
28-Jul-2024 17:32:53.070 INFO [main] org.apache.catalina.startup.VersionLoggerListener.log Server built:          Jul 2 2024 12:35:51 UTC
28-Jul-2024 17:32:53.071 INFO [main] org.apache.catalina.startup.VersionLoggerListener.log Server version number: 9.0.91.0
28-Jul-2024 17:32:53.071 INFO [main] org.apache.catalina.startup.VersionLoggerListener.log OS Name:               Linux
28-Jul-2024 17:32:53.071 INFO [main] org.apache.catalina.startup.VersionLoggerListener.log OS Version:            6.5.0-44-generic
28-Jul-2024 17:32:53.071 INFO [main] org.apache.catalina.startup.VersionLoggerListener.log Architecture:          amd64
28-Jul-2024 17:32:53.071 INFO [main] org.apache.catalina.startup.VersionLoggerListener.log Java Home:             /jtech/devtools/java/java15
28-Jul-2024 17:32:53.071 INFO [main] org.apache.catalina.startup.VersionLoggerListener.log JVM Version:           15.0.2+7
28-Jul-2024 17:32:53.071 INFO [main] org.apache.catalina.startup.VersionLoggerListener.log JVM Vendor:            AdoptOpenJDK
28-Jul-2024 17:32:53.071 INFO [main] org.apache.catalina.startup.VersionLoggerListener.log CATALINA_BASE:         /home/jozias/Development/server/prod/apache-tomcat-9.0.91
28-Jul-2024 17:32:53.071 INFO [main] org.apache.catalina.startup.VersionLoggerListener.log CATALINA_HOME:         /home/jozias/Development/server/prod/apache-tomcat-9.0.91
28-Jul-2024 17:32:53.081 INFO [main] org.apache.catalina.startup.VersionLoggerListener.log Command line argument: --add-opens=java.base/java.lang=ALL-UNNAMED
28-Jul-2024 17:32:53.081 INFO [main] org.apache.catalina.startup.VersionLoggerListener.log Command line argument: --add-opens=java.base/java.io=ALL-UNNAMED
28-Jul-2024 17:32:53.081 INFO [main] org.apache.catalina.startup.VersionLoggerListener.log Command line argument: --add-opens=java.base/java.util=ALL-UNNAMED
28-Jul-2024 17:32:53.081 INFO [main] org.apache.catalina.startup.VersionLoggerListener.log Command line argument: --add-opens=java.base/java.util.concurrent=ALL-UNNAMED
28-Jul-2024 17:32:53.081 INFO [main] org.apache.catalina.startup.VersionLoggerListener.log Command line argument: --add-opens=java.rmi/sun.rmi.transport=ALL-UNNAMED
28-Jul-2024 17:32:53.081 INFO [main] org.apache.catalina.startup.VersionLoggerListener.log Command line argument: -Djava.util.logging.config.file=/home/jozias/Development/server/prod/apache-tomcat-9.0.91/conf/logging.properties
28-Jul-2024 17:32:53.081 INFO [main] org.apache.catalina.startup.VersionLoggerListener.log Command line argument: -Djava.util.logging.manager=org.apache.juli.ClassLoaderLogManager
28-Jul-2024 17:32:53.081 INFO [main] org.apache.catalina.startup.VersionLoggerListener.log Command line argument: -Djdk.tls.ephemeralDHKeySize=2048
28-Jul-2024 17:32:53.081 INFO [main] org.apache.catalina.startup.VersionLoggerListener.log Command line argument: -Djava.protocol.handler.pkgs=org.apache.catalina.webresources
28-Jul-2024 17:32:53.081 INFO [main] org.apache.catalina.startup.VersionLoggerListener.log Command line argument: -Dorg.apache.catalina.security.SecurityListener.UMASK=0027
28-Jul-2024 17:32:53.082 INFO [main] org.apache.catalina.startup.VersionLoggerListener.log Command line argument: -Dignore.endorsed.dirs=
28-Jul-2024 17:32:53.082 INFO [main] org.apache.catalina.startup.VersionLoggerListener.log Command line argument: -Dcatalina.base=/home/jozias/Development/server/prod/apache-tomcat-9.0.91
28-Jul-2024 17:32:53.082 INFO [main] org.apache.catalina.startup.VersionLoggerListener.log Command line argument: -Dcatalina.home=/home/jozias/Development/server/prod/apache-tomcat-9.0.91
28-Jul-2024 17:32:53.082 INFO [main] org.apache.catalina.startup.VersionLoggerListener.log Command line argument: -Djava.io.tmpdir=/home/jozias/Development/server/prod/apache-tomcat-9.0.91/temp
28-Jul-2024 17:32:53.083 INFO [main] org.apache.catalina.core.AprLifecycleListener.lifecycleEvent The Apache Tomcat Native library which allows using OpenSSL was not found on the java.library.path: [/usr/java/packages/lib:/usr/lib64:/lib64:/lib:/usr/lib]
28-Jul-2024 17:32:53.274 INFO [main] org.apache.coyote.AbstractProtocol.init Initializing ProtocolHandler ["http-nio-8080"]
28-Jul-2024 17:32:53.291 INFO [main] org.apache.catalina.startup.Catalina.load Server initialization in [326] milliseconds
28-Jul-2024 17:32:53.317 INFO [main] org.apache.catalina.core.StandardService.startInternal Starting service [Catalina]
28-Jul-2024 17:32:53.317 INFO [main] org.apache.catalina.core.StandardEngine.startInternal Starting Servlet engine: [Apache Tomcat/9.0.91]
28-Jul-2024 17:32:53.326 INFO [main] org.apache.catalina.startup.HostConfig.deployWAR Deploying web application archive [/home/jozias/Development/server/prod/apache-tomcat-9.0.91/webapps/gerenciador.war]
28-Jul-2024 17:32:53.581 INFO [main] org.apache.catalina.startup.HostConfig.deployWAR Deployment of web application archive [/home/jozias/Development/server/prod/apache-tomcat-9.0.91/webapps/gerenciador.war] has finished in [255] ms
28-Jul-2024 17:32:53.581 INFO [main] org.apache.catalina.startup.HostConfig.deployDirectory Deploying web application directory [/home/jozias/Development/server/prod/apache-tomcat-9.0.91/webapps/manager]
28-Jul-2024 17:32:53.598 INFO [main] org.apache.catalina.startup.HostConfig.deployDirectory Deployment of web application directory [/home/jozias/Development/server/prod/apache-tomcat-9.0.91/webapps/manager] has finished in [17] ms
28-Jul-2024 17:32:53.599 INFO [main] org.apache.catalina.startup.HostConfig.deployDirectory Deploying web application directory [/home/jozias/Development/server/prod/apache-tomcat-9.0.91/webapps/docs]
28-Jul-2024 17:32:53.608 INFO [main] org.apache.catalina.startup.HostConfig.deployDirectory Deployment of web application directory [/home/jozias/Development/server/prod/apache-tomcat-9.0.91/webapps/docs] has finished in [9] ms
28-Jul-2024 17:32:53.608 INFO [main] org.apache.catalina.startup.HostConfig.deployDirectory Deploying web application directory [/home/jozias/Development/server/prod/apache-tomcat-9.0.91/webapps/host-manager]
28-Jul-2024 17:32:53.620 INFO [main] org.apache.catalina.startup.HostConfig.deployDirectory Deployment of web application directory [/home/jozias/Development/server/prod/apache-tomcat-9.0.91/webapps/host-manager] has finished in [11] ms
28-Jul-2024 17:32:53.620 INFO [main] org.apache.catalina.startup.HostConfig.deployDirectory Deploying web application directory [/home/jozias/Development/server/prod/apache-tomcat-9.0.91/webapps/examples]
28-Jul-2024 17:32:53.704 INFO [main] org.apache.catalina.startup.HostConfig.deployDirectory Deployment of web application directory [/home/jozias/Development/server/prod/apache-tomcat-9.0.91/webapps/examples] has finished in [84] ms
28-Jul-2024 17:32:53.705 INFO [main] org.apache.catalina.startup.HostConfig.deployDirectory Deploying web application directory [/home/jozias/Development/server/prod/apache-tomcat-9.0.91/webapps/ROOT]
28-Jul-2024 17:32:53.714 INFO [main] org.apache.catalina.startup.HostConfig.deployDirectory Deployment of web application directory [/home/jozias/Development/server/prod/apache-tomcat-9.0.91/webapps/ROOT] has finished in [9] ms
28-Jul-2024 17:32:53.716 INFO [main] org.apache.coyote.AbstractProtocol.start Starting ProtocolHandler ["http-nio-8080"]
28-Jul-2024 17:32:53.723 INFO [main] org.apache.catalina.startup.Catalina.start Server startup in [431] milliseconds
Google
Microsoft
quantity: 2
